[2021-05-31 16:25:19,003: INFO/MainProcess] beat: Starting...
[2021-05-31 16:25:19,004: INFO/MainProcess] Writing entries...
[2021-05-31 16:25:19,047: INFO/MainProcess] DatabaseScheduler: Schedule changed.
[2021-05-31 16:25:19,047: INFO/MainProcess] Writing entries...
[2021-05-31 16:25:24,071: INFO/MainProcess] Writing entries...
[2021-05-31 16:28:24,561: INFO/MainProcess] Writing entries...
[2021-05-31 16:31:25,151: INFO/MainProcess] Writing entries...
[2021-05-31 16:34:25,737: INFO/MainProcess] Writing entries...
[2021-05-31 16:37:26,332: INFO/MainProcess] Writing entries...
[2021-05-31 16:40:26,956: INFO/MainProcess] Writing entries...
[2021-05-31 16:43:27,536: INFO/MainProcess] Writing entries...
[2021-05-31 16:46:28,123: INFO/MainProcess] Writing entries...
[2021-05-31 16:49:28,663: INFO/MainProcess] Writing entries...
[2021-05-31 16:52:29,206: INFO/MainProcess] Writing entries...
[2021-05-31 16:55:29,762: INFO/MainProcess] Writing entries...
[2021-05-31 16:58:30,297: INFO/MainProcess] Writing entries...
[2021-05-31 17:01:30,895: INFO/MainProcess] Writing entries...
[2021-05-31 17:04:31,504: INFO/MainProcess] Writing entries...
[2021-05-31 17:07:32,045: INFO/MainProcess] Writing entries...
[2021-05-31 17:10:32,637: INFO/MainProcess] Writing entries...
[2021-05-31 17:13:33,192: INFO/MainProcess] Writing entries...
[2021-05-31 17:16:33,792: INFO/MainProcess] Writing entries...
[2021-05-31 17:19:34,424: INFO/MainProcess] Writing entries...
[2021-05-31 17:22:35,054: INFO/MainProcess] Writing entries...
[2021-05-31 17:25:35,636: INFO/MainProcess] Writing entries...
[2021-05-31 17:28:36,163: INFO/MainProcess] Writing entries...
[2021-05-31 17:31:36,716: INFO/MainProcess] Writing entries...
[2021-05-31 17:34:37,279: INFO/MainProcess] Writing entries...
[2021-05-31 17:37:37,852: INFO/MainProcess] Writing entries...
[2021-05-31 17:40:38,446: INFO/MainProcess] Writing entries...
[2021-05-31 17:43:39,020: INFO/MainProcess] Writing entries...
[2021-05-31 17:46:39,581: INFO/MainProcess] Writing entries...
[2021-05-31 17:49:40,152: INFO/MainProcess] Writing entries...
[2021-05-31 17:52:40,716: INFO/MainProcess] Writing entries...
[2021-05-31 17:55:41,273: INFO/MainProcess] Writing entries...
[2021-05-31 17:58:41,978: INFO/MainProcess] Writing entries...
[2021-05-31 18:01:42,539: INFO/MainProcess] Writing entries...
[2021-05-31 18:04:43,048: INFO/MainProcess] Writing entries...
[2021-05-31 18:07:43,629: INFO/MainProcess] Writing entries...
[2021-05-31 18:10:44,236: INFO/MainProcess] Writing entries...
[2021-05-31 18:13:44,879: INFO/MainProcess] Writing entries...
[2021-05-31 18:16:45,456: INFO/MainProcess] Writing entries...
[2021-05-31 18:19:46,071: INFO/MainProcess] Writing entries...
[2021-05-31 18:22:46,616: INFO/MainProcess] Writing entries...
[2021-05-31 18:25:47,184: INFO/MainProcess] Writing entries...
[2021-05-31 18:28:47,734: INFO/MainProcess] Writing entries...
[2021-05-31 18:31:48,267: INFO/MainProcess] Writing entries...
[2021-05-31 18:34:48,805: INFO/MainProcess] Writing entries...
[2021-05-31 18:37:49,343: INFO/MainProcess] Writing entries...
[2021-05-31 18:40:49,900: INFO/MainProcess] Writing entries...
[2021-05-31 18:43:50,466: INFO/MainProcess] Writing entries...
[2021-05-31 18:46:50,996: INFO/MainProcess] Writing entries...
[2021-05-31 18:49:51,576: INFO/MainProcess] Writing entries...
[2021-05-31 18:52:52,144: INFO/MainProcess] Writing entries...
[2021-05-31 18:55:52,696: INFO/MainProcess] Writing entries...
[2021-05-31 18:58:53,283: INFO/MainProcess] Writing entries...
[2021-05-31 19:01:53,816: INFO/MainProcess] Writing entries...
[2021-05-31 19:04:54,414: INFO/MainProcess] Writing entries...
[2021-05-31 19:07:54,988: INFO/MainProcess] Writing entries...
[2021-05-31 19:10:55,551: INFO/MainProcess] Writing entries...
[2021-05-31 19:13:56,079: INFO/MainProcess] Writing entries...
[2021-05-31 19:16:56,600: INFO/MainProcess] Writing entries...
[2021-05-31 19:19:57,136: INFO/MainProcess] Writing entries...
[2021-05-31 19:22:57,702: INFO/MainProcess] Writing entries...
[2021-05-31 19:25:58,319: INFO/MainProcess] Writing entries...
[2021-05-31 19:28:58,903: INFO/MainProcess] Writing entries...
[2021-05-31 19:31:59,467: INFO/MainProcess] Writing entries...
[2021-05-31 19:35:00,040: INFO/MainProcess] Writing entries...
[2021-05-31 19:38:00,594: INFO/MainProcess] Writing entries...
[2021-05-31 19:41:01,140: INFO/MainProcess] Writing entries...
[2021-05-31 19:44:01,668: INFO/MainProcess] Writing entries...
[2021-05-31 19:47:02,172: INFO/MainProcess] Writing entries...
[2021-05-31 19:50:02,715: INFO/MainProcess] Writing entries...
[2021-05-31 19:53:03,205: INFO/MainProcess] Writing entries...
[2021-05-31 19:56:03,772: INFO/MainProcess] Writing entries...
[2021-05-31 19:59:02,997: INFO/MainProcess] beat: Starting...
[2021-05-31 19:59:02,998: INFO/MainProcess] Writing entries...
[2021-05-31 19:59:03,051: INFO/MainProcess] DatabaseScheduler: Schedule changed.
[2021-05-31 19:59:03,051: INFO/MainProcess] Writing entries...
[2021-05-31 19:59:08,099: INFO/MainProcess] Writing entries...
[2021-05-31 19:59:33,141: ERROR/MainProcess] Database gave error: OperationalError('could not connect to server: Connection refused\n\tIs the server running on host "postgres.kobo.private" (172.21.0.3) and accepting\n\tTCP/IP connections on port 5432?\n')
Traceback (most recent call last):
  File "/opt/venv/lib/python3.8/site-packages/django/db/backends/base/base.py", line 217, in ensure_connection
    self.connect()
  File "/opt/venv/lib/python3.8/site-packages/django/db/backends/base/base.py", line 195, in connect
    self.connection = self.get_new_connection(conn_params)
  File "/opt/venv/lib/python3.8/site-packages/django/db/backends/postgresql/base.py", line 178, in get_new_connection
    connection = Database.connect(**conn_params)
  File "/opt/venv/lib/python3.8/site-packages/psycopg2/__init__.py", line 126, in connect
    conn = _connect(dsn, connection_factory=connection_factory, **kwasync)
psycopg2.OperationalError: could not connect to server: Connection refused
	Is the server running on host "postgres.kobo.private" (172.21.0.3) and accepting
	TCP/IP connections on port 5432?


The above exception was the direct cause of the following exception:

Traceback (most recent call last):
  File "/opt/venv/lib/python3.8/site-packages/django_celery_beat/schedulers.py", line 263, in schedule_changed
    last, ts = self._last_timestamp, self.Changes.last_change()
  File "/opt/venv/lib/python3.8/site-packages/django_celery_beat/models.py", line 355, in last_change
    return cls.objects.get(ident=1).last_update
  File "/opt/venv/lib/python3.8/site-packages/django/db/models/manager.py", line 82, in manager_method
    return getattr(self.get_queryset(), name)(*args, **kwargs)
  File "/opt/venv/lib/python3.8/site-packages/django/db/models/query.py", line 402, in get
    num = len(clone)
  File "/opt/venv/lib/python3.8/site-packages/django/db/models/query.py", line 256, in __len__
    self._fetch_all()
  File "/opt/venv/lib/python3.8/site-packages/django/db/models/query.py", line 1242, in _fetch_all
    self._result_cache = list(self._iterable_class(self))
  File "/opt/venv/lib/python3.8/site-packages/django/db/models/query.py", line 55, in __iter__
    results = compiler.execute_sql(chunked_fetch=self.chunked_fetch, chunk_size=self.chunk_size)
  File "/opt/venv/lib/python3.8/site-packages/django/db/models/sql/compiler.py", line 1098, in execute_sql
    cursor = self.connection.cursor()
  File "/opt/venv/lib/python3.8/site-packages/django/db/backends/base/base.py", line 256, in cursor
    return self._cursor()
  File "/opt/venv/lib/python3.8/site-packages/django/db/backends/base/base.py", line 233, in _cursor
    self.ensure_connection()
  File "/opt/venv/lib/python3.8/site-packages/django/db/backends/base/base.py", line 217, in ensure_connection
    self.connect()
  File "/opt/venv/lib/python3.8/site-packages/django/db/utils.py", line 89, in __exit__
    raise dj_exc_value.with_traceback(traceback) from exc_value
  File "/opt/venv/lib/python3.8/site-packages/django/db/backends/base/base.py", line 217, in ensure_connection
    self.connect()
  File "/opt/venv/lib/python3.8/site-packages/django/db/backends/base/base.py", line 195, in connect
    self.connection = self.get_new_connection(conn_params)
  File "/opt/venv/lib/python3.8/site-packages/django/db/backends/postgresql/base.py", line 178, in get_new_connection
    connection = Database.connect(**conn_params)
  File "/opt/venv/lib/python3.8/site-packages/psycopg2/__init__.py", line 126, in connect
    conn = _connect(dsn, connection_factory=connection_factory, **kwasync)
django.db.utils.OperationalError: could not connect to server: Connection refused
	Is the server running on host "postgres.kobo.private" (172.21.0.3) and accepting
	TCP/IP connections on port 5432?

[2021-05-31 20:02:08,588: INFO/MainProcess] Writing entries...
[2021-05-31 20:05:09,078: INFO/MainProcess] Writing entries...
[2021-05-31 20:08:09,604: INFO/MainProcess] Writing entries...
[2021-05-31 20:11:10,075: INFO/MainProcess] Writing entries...
[2021-05-31 20:11:32,906: INFO/MainProcess] beat: Starting...
[2021-05-31 20:11:32,907: INFO/MainProcess] Writing entries...
[2021-05-31 20:11:32,955: INFO/MainProcess] DatabaseScheduler: Schedule changed.
[2021-05-31 20:11:32,955: INFO/MainProcess] Writing entries...
[2021-05-31 20:11:37,983: INFO/MainProcess] Writing entries...
[2021-05-31 20:14:38,490: INFO/MainProcess] Writing entries...
[2021-05-31 20:15:59,884: INFO/MainProcess] beat: Starting...
[2021-05-31 20:15:59,885: INFO/MainProcess] Writing entries...
[2021-05-31 20:15:59,980: INFO/MainProcess] DatabaseScheduler: Schedule changed.
[2021-05-31 20:15:59,980: INFO/MainProcess] Writing entries...
[2021-05-31 20:16:05,023: INFO/MainProcess] Writing entries...
[2021-05-31 20:18:51,097: INFO/MainProcess] beat: Starting...
[2021-05-31 20:18:51,098: INFO/MainProcess] Writing entries...
[2021-05-31 20:18:51,142: INFO/MainProcess] DatabaseScheduler: Schedule changed.
[2021-05-31 20:18:51,142: INFO/MainProcess] Writing entries...
[2021-05-31 20:18:56,172: INFO/MainProcess] Writing entries...
[2021-05-31 20:21:56,698: INFO/MainProcess] Writing entries...
[2021-05-31 20:24:57,242: INFO/MainProcess] Writing entries...
[2021-05-31 20:27:57,767: INFO/MainProcess] Writing entries...
[2021-05-31 20:29:09,596: INFO/MainProcess] beat: Starting...
[2021-05-31 20:29:09,596: INFO/MainProcess] Writing entries...
[2021-05-31 20:29:09,643: INFO/MainProcess] DatabaseScheduler: Schedule changed.
[2021-05-31 20:29:09,643: INFO/MainProcess] Writing entries...
[2021-05-31 20:29:14,675: INFO/MainProcess] Writing entries...
[2021-05-31 20:30:53,916: INFO/MainProcess] beat: Starting...
[2021-05-31 20:30:53,917: INFO/MainProcess] Writing entries...
[2021-05-31 20:30:53,998: INFO/MainProcess] DatabaseScheduler: Schedule changed.
[2021-05-31 20:30:53,998: INFO/MainProcess] Writing entries...
[2021-05-31 20:30:59,051: INFO/MainProcess] Writing entries...
[2021-05-31 20:32:40,323: INFO/MainProcess] beat: Starting...
[2021-05-31 20:32:40,324: INFO/MainProcess] Writing entries...
[2021-05-31 20:32:40,478: INFO/MainProcess] DatabaseScheduler: Schedule changed.
[2021-05-31 20:32:40,478: INFO/MainProcess] Writing entries...
[2021-05-31 20:32:45,545: INFO/MainProcess] Writing entries...
[2021-05-31 20:35:46,030: INFO/MainProcess] Writing entries...
[2021-05-31 20:38:46,568: INFO/MainProcess] Writing entries...
[2021-05-31 20:41:47,090: INFO/MainProcess] Writing entries...
[2021-05-31 20:43:27,731: INFO/MainProcess] beat: Starting...
[2021-05-31 20:43:27,733: INFO/MainProcess] Writing entries...
[2021-05-31 20:43:27,794: INFO/MainProcess] DatabaseScheduler: Schedule changed.
[2021-05-31 20:43:27,794: INFO/MainProcess] Writing entries...
[2021-05-31 20:43:32,823: INFO/MainProcess] Writing entries...
[2021-05-31 20:44:24,322: INFO/MainProcess] beat: Starting...
[2021-05-31 20:44:24,323: INFO/MainProcess] Writing entries...
[2021-05-31 20:44:24,396: INFO/MainProcess] DatabaseScheduler: Schedule changed.
[2021-05-31 20:44:24,396: INFO/MainProcess] Writing entries...
[2021-05-31 20:44:29,435: INFO/MainProcess] Writing entries...
[2021-05-31 20:47:29,932: INFO/MainProcess] Writing entries...
[2021-05-31 20:48:08,104: ERROR/MainProcess] Database gave error: OperationalError('could not connect to server: Connection refused\n\tIs the server running on host "postgres.kobo.private" (172.23.0.2) and accepting\n\tTCP/IP connections on port 5432?\n')
Traceback (most recent call last):
  File "/opt/venv/lib/python3.8/site-packages/django/db/backends/base/base.py", line 217, in ensure_connection
    self.connect()
  File "/opt/venv/lib/python3.8/site-packages/django/db/backends/base/base.py", line 195, in connect
    self.connection = self.get_new_connection(conn_params)
  File "/opt/venv/lib/python3.8/site-packages/django/db/backends/postgresql/base.py", line 178, in get_new_connection
    connection = Database.connect(**conn_params)
  File "/opt/venv/lib/python3.8/site-packages/psycopg2/__init__.py", line 126, in connect
    conn = _connect(dsn, connection_factory=connection_factory, **kwasync)
psycopg2.OperationalError: could not connect to server: Connection refused
	Is the server running on host "postgres.kobo.private" (172.23.0.2) and accepting
	TCP/IP connections on port 5432?


The above exception was the direct cause of the following exception:

Traceback (most recent call last):
  File "/opt/venv/lib/python3.8/site-packages/django_celery_beat/schedulers.py", line 263, in schedule_changed
    last, ts = self._last_timestamp, self.Changes.last_change()
  File "/opt/venv/lib/python3.8/site-packages/django_celery_beat/models.py", line 355, in last_change
    return cls.objects.get(ident=1).last_update
  File "/opt/venv/lib/python3.8/site-packages/django/db/models/manager.py", line 82, in manager_method
    return getattr(self.get_queryset(), name)(*args, **kwargs)
  File "/opt/venv/lib/python3.8/site-packages/django/db/models/query.py", line 402, in get
    num = len(clone)
  File "/opt/venv/lib/python3.8/site-packages/django/db/models/query.py", line 256, in __len__
    self._fetch_all()
  File "/opt/venv/lib/python3.8/site-packages/django/db/models/query.py", line 1242, in _fetch_all
    self._result_cache = list(self._iterable_class(self))
  File "/opt/venv/lib/python3.8/site-packages/django/db/models/query.py", line 55, in __iter__
    results = compiler.execute_sql(chunked_fetch=self.chunked_fetch, chunk_size=self.chunk_size)
  File "/opt/venv/lib/python3.8/site-packages/django/db/models/sql/compiler.py", line 1098, in execute_sql
    cursor = self.connection.cursor()
  File "/opt/venv/lib/python3.8/site-packages/django/db/backends/base/base.py", line 256, in cursor
    return self._cursor()
  File "/opt/venv/lib/python3.8/site-packages/django/db/backends/base/base.py", line 233, in _cursor
    self.ensure_connection()
  File "/opt/venv/lib/python3.8/site-packages/django/db/backends/base/base.py", line 217, in ensure_connection
    self.connect()
  File "/opt/venv/lib/python3.8/site-packages/django/db/utils.py", line 89, in __exit__
    raise dj_exc_value.with_traceback(traceback) from exc_value
  File "/opt/venv/lib/python3.8/site-packages/django/db/backends/base/base.py", line 217, in ensure_connection
    self.connect()
  File "/opt/venv/lib/python3.8/site-packages/django/db/backends/base/base.py", line 195, in connect
    self.connection = self.get_new_connection(conn_params)
  File "/opt/venv/lib/python3.8/site-packages/django/db/backends/postgresql/base.py", line 178, in get_new_connection
    connection = Database.connect(**conn_params)
  File "/opt/venv/lib/python3.8/site-packages/psycopg2/__init__.py", line 126, in connect
    conn = _connect(dsn, connection_factory=connection_factory, **kwasync)
django.db.utils.OperationalError: could not connect to server: Connection refused
	Is the server running on host "postgres.kobo.private" (172.23.0.2) and accepting
	TCP/IP connections on port 5432?

[2021-05-31 20:50:33,528: INFO/MainProcess] Writing entries...
[2021-05-31 20:53:34,040: INFO/MainProcess] Writing entries...
[2021-05-31 20:54:55,149: INFO/MainProcess] beat: Starting...
[2021-05-31 20:54:55,150: INFO/MainProcess] Writing entries...
[2021-05-31 20:54:55,260: INFO/MainProcess] DatabaseScheduler: Schedule changed.
[2021-05-31 20:54:55,261: INFO/MainProcess] Writing entries...
[2021-05-31 20:55:00,316: INFO/MainProcess] Writing entries...
[2021-05-31 20:57:02,444: INFO/MainProcess] beat: Starting...
[2021-05-31 20:57:02,444: INFO/MainProcess] Writing entries...
[2021-05-31 20:57:02,494: INFO/MainProcess] DatabaseScheduler: Schedule changed.
[2021-05-31 20:57:02,495: INFO/MainProcess] Writing entries...
[2021-05-31 20:57:07,529: INFO/MainProcess] Writing entries...
[2021-05-31 21:00:08,050: INFO/MainProcess] Writing entries...
[2021-05-31 21:03:08,564: INFO/MainProcess] Writing entries...
[2021-05-31 21:06:09,116: INFO/MainProcess] Writing entries...
[2021-05-31 21:09:09,640: INFO/MainProcess] Writing entries...
[2021-05-31 21:12:10,160: INFO/MainProcess] Writing entries...
[2021-05-31 21:15:10,689: INFO/MainProcess] Writing entries...
[2021-05-31 21:18:11,196: INFO/MainProcess] Writing entries...
[2021-05-31 21:21:11,720: INFO/MainProcess] Writing entries...
[2021-06-01 01:29:06,081: INFO/MainProcess] Scheduler: Sending due task send-hooks-failures-reports (kobo.apps.hook.tasks.failures_reports)
[2021-06-01 01:30:03,594: INFO/MainProcess] beat: Starting...
[2021-06-01 01:30:03,595: INFO/MainProcess] Writing entries...
[2021-06-01 01:30:03,643: INFO/MainProcess] DatabaseScheduler: Schedule changed.
[2021-06-01 01:30:03,643: INFO/MainProcess] Writing entries...
[2021-06-01 01:30:08,667: INFO/MainProcess] Writing entries...
[2021-06-01 01:33:09,167: INFO/MainProcess] Writing entries...
[2021-06-01 01:36:09,727: INFO/MainProcess] Writing entries...
[2021-06-01 01:39:10,263: INFO/MainProcess] Writing entries...
[2021-06-01 01:42:10,831: INFO/MainProcess] Writing entries...
[2021-06-01 01:45:11,347: INFO/MainProcess] Writing entries...
[2021-06-01 01:48:11,897: INFO/MainProcess] Writing entries...
[2021-06-01 01:51:12,439: INFO/MainProcess] Writing entries...
[2021-06-01 01:52:08,351: INFO/MainProcess] beat: Starting...
[2021-06-01 01:52:08,354: INFO/MainProcess] Writing entries...
[2021-06-01 01:52:08,465: INFO/MainProcess] DatabaseScheduler: Schedule changed.
[2021-06-01 01:52:08,465: INFO/MainProcess] Writing entries...
[2021-06-01 01:52:13,535: INFO/MainProcess] Writing entries...
[2021-06-01 01:55:14,035: INFO/MainProcess] Writing entries...
[2021-06-01 01:57:05,491: INFO/MainProcess] beat: Starting...
[2021-06-01 01:57:05,492: INFO/MainProcess] Writing entries...
[2021-06-01 01:57:05,536: INFO/MainProcess] DatabaseScheduler: Schedule changed.
[2021-06-01 01:57:05,536: INFO/MainProcess] Writing entries...
[2021-06-01 01:57:10,566: INFO/MainProcess] Writing entries...
[2021-06-01 02:00:11,049: INFO/MainProcess] Writing entries...
[2021-06-01 02:02:10,215: INFO/MainProcess] beat: Starting...
[2021-06-01 02:02:10,216: INFO/MainProcess] Writing entries...
[2021-06-01 02:02:10,260: INFO/MainProcess] DatabaseScheduler: Schedule changed.
[2021-06-01 02:02:10,260: INFO/MainProcess] Writing entries...
[2021-06-01 02:02:15,291: INFO/MainProcess] Writing entries...
[2021-06-01 02:04:20,570: INFO/MainProcess] beat: Starting...
[2021-06-01 02:04:20,571: INFO/MainProcess] Writing entries...
[2021-06-01 02:04:20,623: INFO/MainProcess] DatabaseScheduler: Schedule changed.
[2021-06-01 02:04:20,623: INFO/MainProcess] Writing entries...
[2021-06-01 02:04:25,651: INFO/MainProcess] Writing entries...
[2021-06-01 02:05:33,168: INFO/MainProcess] beat: Starting...
[2021-06-01 02:05:33,170: INFO/MainProcess] Writing entries...
[2021-06-01 02:05:33,232: INFO/MainProcess] DatabaseScheduler: Schedule changed.
[2021-06-01 02:05:33,232: INFO/MainProcess] Writing entries...
[2021-06-01 02:05:38,263: INFO/MainProcess] Writing entries...
[2021-06-01 02:08:38,831: INFO/MainProcess] Writing entries...
[2021-06-01 02:10:14,499: INFO/MainProcess] beat: Starting...
[2021-06-01 02:10:14,500: INFO/MainProcess] Writing entries...
[2021-06-01 02:10:14,557: INFO/MainProcess] DatabaseScheduler: Schedule changed.
[2021-06-01 02:10:14,558: INFO/MainProcess] Writing entries...
[2021-06-01 02:10:19,587: INFO/MainProcess] Writing entries...
[2021-06-01 02:11:11,840: INFO/MainProcess] beat: Starting...
[2021-06-01 02:11:11,841: INFO/MainProcess] Writing entries...
[2021-06-01 02:11:11,899: INFO/MainProcess] DatabaseScheduler: Schedule changed.
[2021-06-01 02:11:11,899: INFO/MainProcess] Writing entries...
[2021-06-01 02:11:16,926: INFO/MainProcess] Writing entries...
[2021-06-01 02:12:34,004: INFO/MainProcess] beat: Starting...
[2021-06-01 02:12:34,005: INFO/MainProcess] Writing entries...
[2021-06-01 02:12:34,061: INFO/MainProcess] DatabaseScheduler: Schedule changed.
[2021-06-01 02:12:34,061: INFO/MainProcess] Writing entries...
[2021-06-01 02:12:39,091: INFO/MainProcess] Writing entries...
[2021-06-01 02:12:53,072: INFO/MainProcess] beat: Starting...
[2021-06-01 02:12:53,073: INFO/MainProcess] Writing entries...
[2021-06-01 02:12:53,128: INFO/MainProcess] DatabaseScheduler: Schedule changed.
[2021-06-01 02:12:53,128: INFO/MainProcess] Writing entries...
[2021-06-01 02:12:58,171: INFO/MainProcess] Writing entries...
[2021-06-01 02:14:59,126: INFO/MainProcess] beat: Starting...
[2021-06-01 02:14:59,126: INFO/MainProcess] Writing entries...
[2021-06-01 02:14:59,175: INFO/MainProcess] DatabaseScheduler: Schedule changed.
[2021-06-01 02:14:59,175: INFO/MainProcess] Writing entries...
[2021-06-01 02:15:04,203: INFO/MainProcess] Writing entries...
[2021-06-01 02:18:04,687: INFO/MainProcess] Writing entries...
[2021-06-01 02:21:05,246: INFO/MainProcess] Writing entries...
[2021-06-01 02:24:05,789: INFO/MainProcess] Writing entries...
[2021-06-01 02:27:06,331: INFO/MainProcess] Writing entries...
